#
# There is insufficient memory for the Java Runtime Environment to continue.
# Native memory allocation (malloc) failed to allocate 1048576 bytes for AllocateHeap
# Possible reasons:
#   The system is out of physical RAM or swap space
#   The process is running with CompressedOops enabled, and the Java Heap may be blocking the growth of the native heap
# Possible solutions:
#   Reduce memory load on the system
#   Increase physical memory or swap space
#   Check if swap backing store is full
#   Decrease Java heap size (-Xmx/-Xms)
#   Decrease number of Java threads
#   Decrease Java thread stack sizes (-Xss)
#   Set larger code cache with -XX:ReservedCodeCacheSize=
#   JVM is running with Zero Based Compressed Oops mode in which the Java heap is
#     placed in the first 32GB address space. The Java Heap base address is the
#     maximum limit for the native heap growth. Please use -XX:HeapBaseMinAddress
#     to set the Java Heap base and to place the Java Heap above 32GB virtual address.
# This output file may be truncated or incomplete.
#
#  Out of Memory Error (./open/src/hotspot/share/memory/allocation.cpp:46), pid=28652, tid=28464
#
# JRE version: Java(TM) SE Runtime Environment 18.9 (11.0.13+10) (build 11.0.13+10-LTS-370)
# Java VM: Java HotSpot(TM) 64-Bit Server VM 18.9 (11.0.13+10-LTS-370, mixed mode, tiered, compressed oops, g1 gc, windows-amd64)
# No core dump will be written. Minidumps are not enabled by default on client versions of Windows
#

---------------  S U M M A R Y ------------

Command Line: -XX:TieredStopAtLevel=1 -Xverify:none -Dspring.output.ansi.enabled=always -Dcom.sun.management.jmxremote -Dspring.jmx.enabled=true -Dspring.liveBeansView.mbeanDomain -Dspring.application.admin.enabled=true -javaagent:D:\Program Files\IntelliJ IDEA 2021.3.2\lib\idea_rt.jar=57943:D:\Program Files\IntelliJ IDEA 2021.3.2\bin -Dfile.encoding=UTF-8 com.project.hotel.HotelApplication

Host: Intel(R) Pentium(R) CPU 4415U @ 2.30GHz, 4 cores, 11G,  Windows 10 , 64 bit Build 19041 (10.0.19041.1645)
Time: Tue May 10 22:28:12 2022 대한민국 표준시 elapsed time: 2.846331 seconds (0d 0h 0m 2s)

---------------  T H R E A D  ---------------

Current thread (0x000001b120115000):  VMThread "VM Thread" [stack: 0x0000005bc8900000,0x0000005bc8a00000] [id=28464]

Stack: [0x0000005bc8900000,0x0000005bc8a00000]
[error occurred during error reporting (printing stack bounds), id 0xc0000005, EXCEPTION_ACCESS_VIOLATION (0xc0000005) at pc=0x000001b107570f3d]

Native frames: (J=compiled Java code, j=interpreted, Vv=VM code, C=native code)
V  [jvm.dll+0x62870a]
V  [jvm.dll+0x761f2f]
V  [jvm.dll+0x7635d9]
V  [jvm.dll+0x763bc5]
V  [jvm.dll+0x763b7b]
V  [jvm.dll+0x627c53]
V  [jvm.dll+0x628308]
C  [ntdll.dll+0xa20cf]
C  [ntdll.dll+0x51454]
C  [ntdll.dll+0xa0bfe]
C  0x000001b107570f3d

VM_Operation (0x0000005bc83fd5d0): CollectForMetadataAllocation, mode: safepoint, requested by thread 0x000001b17fe15000


---------------  P R O C E S S  ---------------

Threads class SMR info:
_java_thread_list=0x000001b120d27fe0, length=10, elements={
0x000001b17fe15000, 0x000001b12012c800, 0x000001b12012e000, 0x000001b1209b4000,
0x000001b1209b5000, 0x000001b1209b7000, 0x000001b1209ba800, 0x000001b1209bf800,
0x000001b1200d3800, 0x000001b120e16800
}

Java Threads: ( => current thread )
  0x000001b17fe15000 JavaThread "main" [_thread_blocked, id=23500, stack(0x0000005bc8300000,0x0000005bc8400000)]
  0x000001b12012c800 JavaThread "Reference Handler" daemon [_thread_blocked, id=2884, stack(0x0000005bc8a00000,0x0000005bc8b00000)]
  0x000001b12012e000 JavaThread "Finalizer" daemon [_thread_blocked, id=27080, stack(0x0000005bc8b00000,0x0000005bc8c00000)]
  0x000001b1209b4000 JavaThread "Signal Dispatcher" daemon [_thread_blocked, id=27532, stack(0x0000005bc8c00000,0x0000005bc8d00000)]
  0x000001b1209b5000 JavaThread "Attach Listener" daemon [_thread_blocked, id=16652, stack(0x0000005bc8d00000,0x0000005bc8e00000)]
  0x000001b1209b7000 JavaThread "Service Thread" daemon [_thread_blocked, id=21368, stack(0x0000005bc8e00000,0x0000005bc8f00000)]
  0x000001b1209ba800 JavaThread "C1 CompilerThread0" daemon [_thread_blocked, id=20000, stack(0x0000005bc8f00000,0x0000005bc9000000)]
  0x000001b1209bf800 JavaThread "Sweeper thread" daemon [_thread_blocked, id=9024, stack(0x0000005bc9000000,0x0000005bc9100000)]
  0x000001b1200d3800 JavaThread "Common-Cleaner" daemon [_thread_blocked, id=18424, stack(0x0000005bc9100000,0x0000005bc9200000)]
  0x000001b120e16800 JavaThread "Monitor Ctrl-Break" daemon [_thread_in_native, id=24440, stack(0x0000005bc9200000,0x0000005bc9300000)]

Other Threads:
=>0x000001b120115000 VMThread "VM Thread" [stack: 0x0000005bc8900000,0x0000005bc8a00000] [id=28464]
  0x000001b17fe2b000 GCTaskThread "GC Thread#0" [stack: 0x0000005bc8400000,0x0000005bc8500000] [id=13644]
  0x000001b12101e800 GCTaskThread "GC Thread#1" [stack: 0x0000005bc9300000,0x0000005bc9400000] [id=8376]
  0x000001b120ff8800 GCTaskThread "GC Thread#2" [stack: 0x0000005bc9400000,0x0000005bc9500000] [id=8340]
  0x000001b121010800 GCTaskThread "GC Thread#3" [stack: 0x0000005bc9500000,0x0000005bc9600000] [id=18984]
  0x000001b17fe6e800 ConcurrentGCThread "G1 Main Marker" [stack: 0x0000005bc8500000,0x0000005bc8600000] [id=28188]
  0x000001b17fe70000 ConcurrentGCThread "G1 Conc#0" [stack: 0x0000005bc8600000,0x0000005bc8700000] [id=15504]
  0x000001b17feee000 ConcurrentGCThread "G1 Refine#0" [stack: 0x0000005bc8700000,0x0000005bc8800000] [id=19764]
  0x000001b11ff80800 ConcurrentGCThread "G1 Young RemSet Sampling" [stack: 0x0000005bc8800000,0x0000005bc8900000] [id=19144]

Threads with active compile tasks:

VM state:at safepoint (normal execution)

VM Mutex/Monitor currently owned by a thread:  ([mutex/lock_event])
[0x000001b17fe12ad0] Threads_lock - owner thread: 0x000001b120115000
[0x000001b17fe11f00] Heap_lock - owner thread: 0x000001b17fe15000

Heap address: 0x0000000745800000, size: 2984 MB, Compressed Oops mode: Zero based, Oop shift amount: 3
Narrow klass base: 0x0000000800000000, Narrow klass shift: 0
Compressed class space size: 1073741824 Address: 0x0000000800000000

Heap:
 garbage-first heap   total 192512K, used 4113K [0x0000000745800000, 0x0000000800000000)
  region size 1024K, 2 young (2048K), 2 survivors (2048K)
 Metaspace       used 10439K, capacity 10615K, committed 10752K, reserved 1067008K
  class space    used 1090K, capacity 1184K, committed 1280K, reserved 1048576K
Heap Regions: E=young(eden), S=young(survivor), O=old, HS=humongous(starts), HC=humongous(continues), CS=collection set, F=free, A=archive, TAMS=top-at-mark-start (previous, next)
|   0|0x0000000745800000, 0x0000000745900000, 0x0000000745900000|100%| O|  |TAMS 0x0000000745800000, 0x0000000745900000| Untracked 
|   1|0x0000000745900000, 0x0000000745a00000, 0x0000000745a00000|100%| O|  |TAMS 0x0000000745900000, 0x0000000745a00000| Untracked 
|   2|0x0000000745a00000, 0x0000000745a04600, 0x0000000745b00000|  1%| O|  |TAMS 0x0000000745a00000, 0x0000000745a04600| Untracked 
|   3|0x0000000745b00000, 0x0000000745b00000, 0x0000000745c00000|  0%| F|  |TAMS 0x0000000745b00000, 0x0000000745b00000| Untracked 
|   4|0x0000000745c00000, 0x0000000745c00000, 0x0000000745d00000|  0%| F|  |TAMS 0x0000000745c00000, 0x0000000745c00000| Untracked 
|   5|0x0000000745d00000, 0x0000000745d00000, 0x0000000745e00000|  0%| F|  |TAMS 0x0000000745d00000, 0x0000000745d00000| Untracked 
|   6|0x0000000745e00000, 0x0000000745e00000, 0x0000000745f00000|  0%| F|  |TAMS 0x0000000745e00000, 0x0000000745e00000| Untracked 
|   7|0x0000000745f00000, 0x0000000745f00000, 0x0000000746000000|  0%| F|  |TAMS 0x0000000745f00000, 0x0000000745f00000| Untracked 
|   8|0x0000000746000000, 0x0000000746000000, 0x0000000746100000|  0%| F|  |TAMS 0x0000000746000000, 0x0000000746000000| Untracked 
|   9|0x0000000746100000, 0x0000000746100000, 0x0000000746200000|  0%| F|  |TAMS 0x0000000746100000, 0x0000000746100000| Untracked 
|  10|0x0000000746200000, 0x0000000746200000, 0x0000000746300000|  0%| F|  |TAMS 0x0000000746200000, 0x0000000746200000| Untracked 
|  11|0x0000000746300000, 0x0000000746300000, 0x0000000746400000|  0%| F|  |TAMS 0x0000000746300000, 0x0000000746300000| Untracked 
|  12|0x0000000746400000, 0x0000000746400000, 0x0000000746500000|  0%| F|  |TAMS 0x0000000746400000, 0x0000000746400000| Untracked 
|  13|0x0000000746500000, 0x0000000746500000, 0x0000000746600000|  0%| F|  |TAMS 0x0000000746500000, 0x0000000746500000| Untracked 
|  14|0x0000000746600000, 0x0000000746600000, 0x0000000746700000|  0%| F|  |TAMS 0x0000000746600000, 0x0000000746600000| Untracked 
|  15|0x0000000746700000, 0x0000000746700000, 0x0000000746800000|  0%| F|  |TAMS 0x0000000746700000, 0x0000000746700000| Untracked 
|  16|0x0000000746800000, 0x0000000746800000, 0x0000000746900000|  0%| F|  |TAMS 0x0000000746800000, 0x0000000746800000| Untracked 
|  17|0x0000000746900000, 0x0000000746900000, 0x0000000746a00000|  0%| F|  |TAMS 0x0000000746900000, 0x0000000746900000| Untracked 
|  18|0x0000000746a00000, 0x0000000746a00000, 0x0000000746b00000|  0%| F|  |TAMS 0x0000000746a00000, 0x0000000746a00000| Untracked 
|  19|0x0000000746b00000, 0x0000000746b00000, 0x0000000746c00000|  0%| F|  |TAMS 0x0000000746b00000, 0x0000000746b00000| Untracked 
|  20|0x0000000746c00000, 0x0000000746c00000, 0x0000000746d00000|  0%| F|  |TAMS 0x0000000746c00000, 0x0000000746c00000| Untracked 
|  21|0x0000000746d00000, 0x0000000746d00000, 0x0000000746e00000|  0%| F|  |TAMS 0x0000000746d00000, 0x0000000746d00000| Untracked 
|  22|0x0000000746e00000, 0x0000000746e00000, 0x0000000746f00000|  0%| F|  |TAMS 0x0000000746e00000, 0x0000000746e00000| Untracked 
|  23|0x0000000746f00000, 0x0000000746f00000, 0x0000000747000000|  0%| F|  |TAMS 0x0000000746f00000, 0x0000000746f00000| Untracked 
|  24|0x0000000747000000, 0x0000000747000000, 0x0000000747100000|  0%| F|  |TAMS 0x0000000747000000, 0x0000000747000000| Untracked 
|  25|0x0000000747100000, 0x0000000747100000, 0x0000000747200000|  0%| F|  |TAMS 0x0000000747100000, 0x0000000747100000| Untracked 
|  26|0x0000000747200000, 0x0000000747200000, 0x0000000747300000|  0%| F|  |TAMS 0x0000000747200000, 0x0000000747200000| Untracked 
|  27|0x0000000747300000, 0x0000000747300000, 0x0000000747400000|  0%| F|  |TAMS 0x0000000747300000, 0x0000000747300000| Untracked 
|  28|0x0000000747400000, 0x0000000747400000, 0x0000000747500000|  0%| F|  |TAMS 0x0000000747400000, 0x0000000747400000| Untracked 
|  29|0x0000000747500000, 0x0000000747500000, 0x0000000747600000|  0%| F|  |TAMS 0x0000000747500000, 0x0000000747500000| Untracked 
|  30|0x0000000747600000, 0x0000000747600000, 0x0000000747700000|  0%| F|  |TAMS 0x0000000747600000, 0x0000000747600000| Untracked 
|  31|0x0000000747700000, 0x0000000747700000, 0x0000000747800000|  0%| F|  |TAMS 0x0000000747700000, 0x0000000747700000| Untracked 
|  32|0x0000000747800000, 0x0000000747800000, 0x0000000747900000|  0%| F|  |TAMS 0x0000000747800000, 0x0000000747800000| Untracked 
|  33|0x0000000747900000, 0x0000000747900000, 0x0000000747a00000|  0%| F|  |TAMS 0x0000000747900000, 0x0000000747900000| Untracked 
|  34|0x0000000747a00000, 0x0000000747a00000, 0x0000000747b00000|  0%| F|  |TAMS 0x0000000747a00000, 0x0000000747a00000| Untracked 
|  35|0x0000000747b00000, 0x0000000747b00000, 0x0000000747c00000|  0%| F|  |TAMS 0x0000000747b00000, 0x0000000747b00000| Untracked 
|  36|0x0000000747c00000, 0x0000000747c00000, 0x0000000747d00000|  0%| F|  |TAMS 0x0000000747c00000, 0x0000000747c00000| Untracked 
|  37|0x0000000747d00000, 0x0000000747d00000, 0x0000000747e00000|  0%| F|  |TAMS 0x0000000747d00000, 0x0000000747d00000| Untracked 
|  38|0x0000000747e00000, 0x0000000747e00000, 0x0000000747f00000|  0%| F|  |TAMS 0x0000000747e00000, 0x0000000747e00000| Untracked 
|  39|0x0000000747f00000, 0x0000000747f00000, 0x0000000748000000|  0%| F|  |TAMS 0x0000000747f00000, 0x0000000747f00000| Untracked 
|  40|0x0000000748000000, 0x0000000748000000, 0x0000000748100000|  0%| F|  |TAMS 0x0000000748000000, 0x0000000748000000| Untracked 
|  41|0x0000000748100000, 0x0000000748100000, 0x0000000748200000|  0%| F|  |TAMS 0x0000000748100000, 0x0000000748100000| Untracked 
|  42|0x0000000748200000, 0x0000000748200000, 0x0000000748300000|  0%| F|  |TAMS 0x0000000748200000, 0x0000000748200000| Untracked 
|  43|0x0000000748300000, 0x0000000748300000, 0x0000000748400000|  0%| F|  |TAMS 0x0000000748300000, 0x0000000748300000| Untracked 
|  44|0x0000000748400000, 0x0000000748400000, 0x0000000748500000|  0%| F|  |TAMS 0x0000000748400000, 0x0000000748400000| Untracked 
|  45|0x0000000748500000, 0x0000000748500000, 0x0000000748600000|  0%| F|  |TAMS 0x0000000748500000, 0x0000000748500000| Untracked 
|  46|0x0000000748600000, 0x0000000748600000, 0x0000000748700000|  0%| F|  |TAMS 0x0000000748600000, 0x0000000748600000| Untracked 
|  47|0x0000000748700000, 0x0000000748700000, 0x0000000748800000|  0%| F|  |TAMS 0x0000000748700000, 0x0000000748700000| Untracked 
|  48|0x0000000748800000, 0x0000000748800000, 0x0000000748900000|  0%| F|  |TAMS 0x0000000748800000, 0x0000000748800000| Untracked 
|  49|0x0000000748900000, 0x0000000748900000, 0x0000000748a00000|  0%| F|  |TAMS 0x0000000748900000, 0x0000000748900000| Untracked 
|  50|0x0000000748a00000, 0x0000000748a00000, 0x0000000748b00000|  0%| F|  |TAMS 0x0000000748a00000, 0x0000000748a00000| Untracked 
|  51|0x0000000748b00000, 0x0000000748b00000, 0x0000000748c00000|  0%| F|  |TAMS 0x0000000748b00000, 0x0000000748b00000| Untracked 
|  52|0x0000000748c00000, 0x0000000748c00000, 0x0000000748d00000|  0%| F|  |TAMS 0x0000000748c00000, 0x0000000748c00000| Untracked 
|  53|0x0000000748d00000, 0x0000000748d00000, 0x0000000748e00000|  0%| F|  |TAMS 0x0000000748d00000, 0x0000000748d00000| Untracked 
|  54|0x0000000748e00000, 0x0000000748e00000, 0x0000000748f00000|  0%| F|  |TAMS 0x0000000748e00000, 0x0000000748e00000| Untracked 
|  55|0x0000000748f00000, 0x0000000748f00000, 0x0000000749000000|  0%| F|  |TAMS 0x0000000748f00000, 0x0000000748f00000| Untracked 
|  56|0x0000000749000000, 0x0000000749000000, 0x0000000749100000|  0%| F|  |TAMS 0x0000000749000000, 0x0000000749000000| Untracked 
|  57|0x0000000749100000, 0x0000000749100000, 0x0000000749200000|  0%| F|  |TAMS 0x0000000749100000, 0x0000000749100000| Untracked 
|  58|0x0000000749200000, 0x0000000749200000, 0x0000000749300000|  0%| F|  |TAMS 0x0000000749200000, 0x0000000749200000| Untracked 
|  59|0x0000000749300000, 0x0000000749300000, 0x0000000749400000|  0%| F|  |TAMS 0x0000000749300000, 0x0000000749300000| Untracked 
|  60|0x0000000749400000, 0x0000000749400000, 0x0000000749500000|  0%| F|  |TAMS 0x0000000749400000, 0x0000000749400000| Untracked 
|  61|0x0000000749500000, 0x0000000749500000, 0x0000000749600000|  0%| F|  |TAMS 0x0000000749500000, 0x0000000749500000| Untracked 
|  62|0x0000000749600000, 0x0000000749600000, 0x0000000749700000|  0%| F|  |TAMS 0x0000000749600000, 0x0000000749600000| Untracked 
|  63|0x0000000749700000, 0x0000000749700000, 0x0000000749800000|  0%| F|  |TAMS 0x0000000749700000, 0x0000000749700000| Untracked 
|  64|0x0000000749800000, 0x0000000749800000, 0x0000000749900000|  0%| F|  |TAMS 0x0000000749800000, 0x0000000749800000| Untracked 
|  65|0x0000000749900000, 0x0000000749900000, 0x0000000749a00000|  0%| F|  |TAMS 0x0000000749900000, 0x0000000749900000| Untracked 
|  66|0x0000000749a00000, 0x0000000749a00000, 0x0000000749b00000|  0%| F|  |TAMS 0x0000000749a00000, 0x0000000749a00000| Untracked 
|  67|0x0000000749b00000, 0x0000000749b00000, 0x0000000749c00000|  0%| F|  |TAMS 0x0000000749b00000, 0x0000000749b00000| Untracked 
|  68|0x0000000749c00000, 0x0000000749c00000, 0x0000000749d00000|  0%| F|  |TAMS 0x0000000749c00000, 0x0000000749c00000| Untracked 
|  69|0x0000000749d00000, 0x0000000749d00000, 0x0000000749e00000|  0%| F|  |TAMS 0x0000000749d00000, 0x0000000749d00000| Untracked 
|  70|0x0000000749e00000, 0x0000000749e00000, 0x0000000749f00000|  0%| F|  |TAMS 0x0000000749e00000, 0x0000000749e00000| Untracked 
|  71|0x0000000749f00000, 0x0000000749f00000, 0x000000074a000000|  0%| F|  |TAMS 0x0000000749f00000, 0x0000000749f00000| Untracked 
|  72|0x000000074a000000, 0x000000074a000000, 0x000000074a100000|  0%| F|  |TAMS 0x000000074a000000, 0x000000074a000000| Untracked 
|  73|0x000000074a100000, 0x000000074a100000, 0x000000074a200000|  0%| F|  |TAMS 0x000000074a100000, 0x000000074a100000| Untracked 
|  74|0x000000074a200000, 0x000000074a200000, 0x000000074a300000|  0%| F|  |TAMS 0x000000074a200000, 0x000000074a200000| Untracked 
|  75|0x000000074a300000, 0x000000074a300000, 0x000000074a400000|  0%| F|  |TAMS 0x000000074a300000, 0x000000074a300000| Untracked 
|  76|0x000000074a400000, 0x000000074a400000, 0x000000074a500000|  0%| F|  |TAMS 0x000000074a400000, 0x000000074a400000| Untracked 
|  77|0x000000074a500000, 0x000000074a500000, 0x000000074a600000|  0%| F|  |TAMS 0x000000074a500000, 0x000000074a500000| Untracked 
|  78|0x000000074a600000, 0x000000074a600000, 0x000000074a700000|  0%| F|  |TAMS 0x000000074a600000, 0x000000074a600000| Untracked 
|  79|0x000000074a700000, 0x000000074a700000, 0x000000074a800000|  0%| F|  |TAMS 0x000000074a700000, 0x000000074a700000| Untracked 
|  80|0x000000074a800000, 0x000000074a800000, 0x000000074a900000|  0%| F|  |TAMS 0x000000074a800000, 0x000000074a800000| Untracked 
|  81|0x000000074a900000, 0x000000074a900000, 0x000000074aa00000|  0%| F|  |TAMS 0x000000074a900000, 0x000000074a900000| Untracked 
|  82|0x000000074aa00000, 0x000000074aa00000, 0x000000074ab00000|  0%| F|  |TAMS 0x000000074aa00000, 0x000000074aa00000| Untracked 
|  83|0x000000074ab00000, 0x000000074ab00000, 0x000000074ac00000|  0%| F|  |TAMS 0x000000074ab00000, 0x000000074ab00000| Untracked 
|  84|0x000000074ac00000, 0x000000074ac00000, 0x000000074ad00000|  0%| F|  |TAMS 0x000000074ac00000, 0x000000074ac00000| Untracked 
|  85|0x000000074ad00000, 0x000000074ad00000, 0x000000074ae00000|  0%| F|  |TAMS 0x000000074ad00000, 0x000000074ad00000| Untracked 
|  86|0x000000074ae00000, 0x000000074ae00000, 0x000000074af00000|  0%| F|  |TAMS 0x000000074ae00000, 0x000000074ae00000| Untracked 
|  87|0x000000074af00000, 0x000000074af00000, 0x000000074b000000|  0%| F|  |TAMS 0x000000074af00000, 0x000000074af00000| Untracked 
|  88|0x000000074b000000, 0x000000074b000000, 0x000000074b100000|  0%| F|  |TAMS 0x000000074b000000, 0x000000074b000000| Untracked 
|  89|0x000000074b100000, 0x000000074b100000, 0x000000074b200000|  0%| F|  |TAMS 0x000000074b100000, 0x000000074b100000| Untracked 
|  90|0x000000074b200000, 0x000000074b200000, 0x000000074b300000|  0%| F|  |TAMS 0x000000074b200000, 0x000000074b200000| Untracked 
|  91|0x000000074b300000, 0x000000074b300000, 0x000000074b400000|  0%| F|  |TAMS 0x000000074b300000, 0x000000074b300000| Untracked 
|  92|0x000000074b400000, 0x000000074b400000, 0x000000074b500000|  0%| F|  |TAMS 0x000000074b400000, 0x000000074b400000| Untracked 
|  93|0x000000074b500000, 0x000000074b500000, 0x000000074b600000|  0%| F|  |TAMS 0x000000074b500000, 0x000000074b500000| Untracked 
|  94|0x000000074b600000, 0x000000074b600000, 0x000000074b700000|  0%| F|  |TAMS 0x000000074b600000, 0x000000074b600000| Untracked 
|  95|0x000000074b700000, 0x000000074b700000, 0x000000074b800000|  0%| F|  |TAMS 0x000000074b700000, 0x000000074b700000| Untracked 
|  96|0x000000074b800000, 0x000000074b800000, 0x000000074b900000|  0%| F|  |TAMS 0x000000074b800000, 0x000000074b800000| Untracked 
|  97|0x000000074b900000, 0x000000074b900000, 0x000000074ba00000|  0%| F|  |TAMS 0x000000074b900000, 0x000000074b900000| Untracked 
|  98|0x000000074ba00000, 0x000000074ba00000, 0x000000074bb00000|  0%| F|  |TAMS 0x000000074ba00000, 0x000000074ba00000| Untracked 
|  99|0x000000074bb00000, 0x000000074bb00000, 0x000000074bc00000|  0%| F|  |TAMS 0x000000074bb00000, 0x000000074bb00000| Untracked 
| 100|0x000000074bc00000, 0x000000074bc00000, 0x000000074bd00000|  0%| F|  |TAMS 0x000000074bc00000, 0x000000074bc00000| Untracked 
| 101|0x000000074bd00000, 0x000000074bd00000, 0x000000074be00000|  0%| F|  |TAMS 0x000000074bd00000, 0x000000074bd00000| Untracked 
| 102|0x000000074be00000, 0x000000074be00000, 0x000000074bf00000|  0%| F|  |TAMS 0x000000074be00000, 0x000000074be00000| Untracked 
| 103|0x000000074bf00000, 0x000000074bf00000, 0x000000074c000000|  0%| F|  |TAMS 0x000000074bf00000, 0x000000074bf00000| Untracked 
| 104|0x000000074c000000, 0x000000074c000000, 0x000000074c100000|  0%| F|  |TAMS 0x000000074c000000, 0x000000074c000000| Untracked 
| 105|0x000000074c100000, 0x000000074c100000, 0x000000074c200000|  0%| F|  |TAMS 0x000000074c100000, 0x000000074c100000| Untracked 
| 106|0x000000074c200000, 0x000000074c200000, 0x000000074c300000|  0%| F|  |TAMS 0x000000074c200000, 0x000000074c200000| Untracked 
| 107|0x000000074c300000, 0x000000074c300000, 0x000000074c400000|  0%| F|  |TAMS 0x000000074c300000, 0x000000074c300000| Untracked 
| 108|0x000000074c400000, 0x000000074c400000, 0x000000074c500000|  0%| F|  |TAMS 0x000000074c400000, 0x000000074c400000| Untracked 
| 109|0x000000074c500000, 0x000000074c500000, 0x000000074c600000|  0%| F|  |TAMS 0x000000074c500000, 0x000000074c500000| Untracked 
| 110|0x000000074c600000, 0x000000074c600000, 0x000000074c700000|  0%| F|  |TAMS 0x000000074c600000, 0x000000074c600000| Untracked 
| 111|0x000000074c700000, 0x000000074c700000, 0x000000074c800000|  0%| F|  |TAMS 0x000000074c700000, 0x000000074c700000| Untracked 
| 112|0x000000074c800000, 0x000000074c800000, 0x000000074c900000|  0%| F|  |TAMS 0x000000074c800000, 0x000000074c800000| Untracked 
| 113|0x000000074c900000, 0x000000074c900000, 0x000000074ca00000|  0%| F|  |TAMS 0x000000074c900000, 0x000000074c900000| Untracked 
| 114|0x000000074ca00000, 0x000000074ca00000, 0x000000074cb00000|  0%| F|  |TAMS 0x000000074ca00000, 0x000000074ca00000| Untracked 
| 115|0x000000074cb00000, 0x000000074cb00000, 0x000000074cc00000|  0%| F|  |TAMS 0x000000074cb00000, 0x000000074cb00000| Untracked 
| 116|0x000000074cc00000, 0x000000074cc00000, 0x000000074cd00000|  0%| F|  |TAMS 0x000000074cc00000, 0x000000074cc00000| Untracked 
| 117|0x000000074cd00000, 0x000000074cd00000, 0x000000074ce00000|  0%| F|  |TAMS 0x000000074cd00000, 0x000000074cd00000| Untracked 
| 118|0x000000074ce00000, 0x000000074ce00000, 0x000000074cf00000|  0%| F|  |TAMS 0x000000074ce00000, 0x000000074ce00000| Untracked 
| 119|0x000000074cf00000, 0x000000074cf00000, 0x000000074d000000|  0%| F|  |TAMS 0x000000074cf00000, 0x000000074cf00000| Untracked 
| 120|0x000000074d000000, 0x000000074d000000, 0x000000074d100000|  0%| F|  |TAMS 0x000000074d000000, 0x000000074d000000| Untracked 
| 121|0x000000074d100000, 0x000000074d100000, 0x000000074d200000|  0%| F|  |TAMS 0x000000074d100000, 0x000000074d100000| Untracked 
| 122|0x000000074d200000, 0x000000074d200000, 0x000000074d300000|  0%| F|  |TAMS 0x000000074d200000, 0x000000074d200000| Untracked 
| 123|0x000000074d300000, 0x000000074d300000, 0x000000074d400000|  0%| F|  |TAMS 0x000000074d300000, 0x000000074d300000| Untracked 
| 124|0x000000074d400000, 0x000000074d400000, 0x000000074d500000|  0%| F|  |TAMS 0x000000074d400000, 0x000000074d400000| Untracked 
| 125|0x000000074d500000, 0x000000074d500000, 0x000000074d600000|  0%| F|  |TAMS 0x000000074d500000, 0x000000074d500000| Untracked 
| 126|0x000000074d600000, 0x000000074d600000, 0x000000074d700000|  0%| F|  |TAMS 0x000000074d600000, 0x000000074d600000| Untracked 
| 127|0x000000074d700000, 0x000000074d700000, 0x000000074d800000|  0%| F|  |TAMS 0x000000074d700000, 0x000000074d700000| Untracked 
| 128|0x000000074d800000, 0x000000074d800000, 0x000000074d900000|  0%| F|  |TAMS 0x000000074d800000, 0x000000074d800000| Untracked 
| 129|0x000000074d900000, 0x000000074d900000, 0x000000074da00000|  0%| F|  |TAMS 0x000000074d900000, 0x000000074d900000| Untracked 
| 130|0x000000074da00000, 0x000000074da00000, 0x000000074db00000|  0%| F|  |TAMS 0x000000074da00000, 0x000000074da00000| Untracked 
| 131|0x000000074db00000, 0x000000074db00000, 0x000000074dc00000|  0%| F|  |TAMS 0x000000074db00000, 0x000000074db00000| Untracked 
| 132|0x000000074dc00000, 0x000000074dc00000, 0x000000074dd00000|  0%| F|  |TAMS 0x000000074dc00000, 0x000000074dc00000| Untracked 
| 133|0x000000074dd00000, 0x000000074dd00000, 0x000000074de00000|  0%| F|  |TAMS 0x000000074dd00000, 0x000000074dd00000| Untracked 
| 134|0x000000074de00000, 0x000000074de00000, 0x000000074df00000|  0%| F|  |TAMS 0x000000074de00000, 0x000000074de00000| Untracked 
| 135|0x000000074df00000, 0x000000074df00000, 0x000000074e000000|  0%| F|  |TAMS 0x000000074df00000, 0x000000074df00000| Untracked 
| 136|0x000000074e000000, 0x000000074e000000, 0x000000074e100000|  0%| F|  |TAMS 0x000000074e000000, 0x000000074e000000| Untracked 
| 137|0x000000074e100000, 0x000000074e100000, 0x000000074e200000|  0%| F|  |TAMS 0x000000074e100000, 0x000000074e100000| Untracked 
| 138|0x000000074e200000, 0x000000074e200000, 0x000000074e300000|  0%| F|  |TAMS 0x000000074e200000, 0x000000074e200000| Untracked 
| 139|0x000000074e300000, 0x000000074e300000, 0x000000074e400000|  0%| F|  |TAMS 0x000000074e300000, 0x000000074e300000| Untracked 
| 140|0x000000074e400000, 0x000000074e400000, 0x000000074e500000|  0%| F|  |TAMS 0x000000074e400000, 0x000000074e400000| Untracked 
| 141|0x000000074e500000, 0x000000074e500000, 0x000000074e600000|  0%| F|  |TAMS 0x000000074e500000, 0x000000074e500000| Untracked 
| 142|0x000000074e600000, 0x000000074e600000, 0x000000074e700000|  0%| F|  |TAMS 0x000000074e600000, 0x000000074e600000| Untracked 
| 143|0x000000074e700000, 0x000000074e700000, 0x000000074e800000|  0%| F|  |TAMS 0x000000074e700000, 0x000000074e700000| Untracked 
| 144|0x000000074e800000, 0x000000074e800000, 0x000000074e900000|  0%| F|  |TAMS 0x000000074e800000, 0x000000074e800000| Untracked 
| 145|0x000000074e900000, 0x000000074e900000, 0x000000074ea00000|  0%| F|  |TAMS 0x000000074e900000, 0x000000074e900000| Untracked 
| 146|0x000000074ea00000, 0x000000074ea00000, 0x000000074eb00000|  0%| F|  |TAMS 0x000000074ea00000, 0x000000074ea00000| Untracked 
| 147|0x000000074eb00000, 0x000000074eb00000, 0x000000074ec00000|  0%| F|  |TAMS 0x000000074eb00000, 0x000000074eb00000| Untracked 
| 148|0x000000074ec00000, 0x000000074ec00000, 0x000000074ed00000|  0%| F|  |TAMS 0x000000074ec00000, 0x000000074ec00000| Untracked 
| 149|0x000000074ed00000, 0x000000074ed00000, 0x000000074ee00000|  0%| F|  |TAMS 0x000000074ed00000, 0x000000074ed00000| Untracked 
| 150|0x000000074ee00000, 0x000000074ee00000, 0x000000074ef00000|  0%| F|  |TAMS 0x000000074ee00000, 0x000000074ee00000| Untracked 
| 151|0x000000074ef00000, 0x000000074ef00000, 0x000000074f000000|  0%| F|  |TAMS 0x000000074ef00000, 0x000000074ef00000| Untracked 
| 152|0x000000074f000000, 0x000000074f000000, 0x000000074f100000|  0%| F|  |TAMS 0x000000074f000000, 0x000000074f000000| Untracked 
| 153|0x000000074f100000, 0x000000074f100000, 0x000000074f200000|  0%| F|  |TAMS 0x000000074f100000, 0x000000074f100000| Untracked 
| 154|0x000000074f200000, 0x000000074f200000, 0x000000074f300000|  0%| F|  |TAMS 0x000000074f200000, 0x000000074f200000| Untracked 
| 155|0x000000074f300000, 0x000000074f300000, 0x000000074f400000|  0%| F|  |TAMS 0x000000074f300000, 0x000000074f300000| Untracked 
| 156|0x000000074f400000, 0x000000074f400000, 0x000000074f500000|  0%| F|  |TAMS 0x000000074f400000, 0x000000074f400000| Untracked 
| 157|0x000000074f500000, 0x000000074f500000, 0x000000074f600000|  0%| F|  |TAMS 0x000000074f500000, 0x000000074f500000| Untracked 
| 158|0x000000074f600000, 0x000000074f600000, 0x000000074f700000|  0%| F|  |TAMS 0x000000074f600000, 0x000000074f600000| Untracked 
| 159|0x000000074f700000, 0x000000074f700000, 0x000000074f800000|  0%| F|  |TAMS 0x000000074f700000, 0x000000074f700000| Untracked 
| 160|0x000000074f800000, 0x000000074f800000, 0x000000074f900000|  0%| F|  |TAMS 0x000000074f800000, 0x000000074f800000| Untracked 
| 161|0x000000074f900000, 0x000000074f900000, 0x000000074fa00000|  0%| F|  |TAMS 0x000000074f900000, 0x000000074f900000| Untracked 
| 162|0x000000074fa00000, 0x000000074fa00000, 0x000000074fb00000|  0%| F|  |TAMS 0x000000074fa00000, 0x000000074fa00000| Untracked 
| 163|0x000000074fb00000, 0x000000074fb00000, 0x000000074fc00000|  0%| F|  |TAMS 0x000000074fb00000, 0x000000074fb00000| Untracked 
| 164|0x000000074fc00000, 0x000000074fc00000, 0x000000074fd00000|  0%| F|  |TAMS 0x000000074fc00000, 0x000000074fc00000| Untracked 
| 165|0x000000074fd00000, 0x000000074fd00000, 0x000000074fe00000|  0%| F|  |TAMS 0x000000074fd00000, 0x000000074fd00000| Untracked 
| 166|0x000000074fe00000, 0x000000074fe00000, 0x000000074ff00000|  0%| F|  |TAMS 0x000000074fe00000, 0x000000074fe00000| Untracked 
| 167|0x000000074ff00000, 0x000000074ff00000, 0x0000000750000000|  0%| F|  |TAMS 0x000000074ff00000, 0x000000074ff00000| Untracked 
| 168|0x0000000750000000, 0x0000000750000000, 0x0000000750100000|  0%| F|  |TAMS 0x0000000750000000, 0x0000000750000000| Untracked 
| 169|0x0000000750100000, 0x0000000750100000, 0x0000000750200000|  0%| F|  |TAMS 0x0000000750100000, 0x0000000750100000| Untracked 
| 170|0x0000000750200000, 0x0000000750200000, 0x0000000750300000|  0%| F|  |TAMS 0x0000000750200000, 0x0000000750200000| Untracked 
| 171|0x0000000750300000, 0x0000000750300000, 0x0000000750400000|  0%| F|  |TAMS 0x0000000750300000, 0x0000000750300000| Untracked 
| 172|0x0000000750400000, 0x0000000750400000, 0x0000000750500000|  0%| F|  |TAMS 0x0000000750400000, 0x0000000750400000| Untracked 
| 173|0x0000000750500000, 0x0000000750500000, 0x0000000750600000|  0%| F|  |TAMS 0x0000000750500000, 0x0000000750500000| Untracked 
| 174|0x0000000750600000, 0x0000000750600000, 0x0000000750700000|  0%| F|  |TAMS 0x0000000750600000, 0x0000000750600000| Untracked 
| 175|0x0000000750700000, 0x0000000750700000, 0x0000000750800000|  0%| F|  |TAMS 0x0000000750700000, 0x0000000750700000| Untracked 
| 176|0x0000000750800000, 0x0000000750900000, 0x0000000750900000|100%| S|CS|TAMS 0x0000000750800000, 0x0000000750800000| Complete 
| 177|0x0000000750900000, 0x0000000750a00000, 0x0000000750a00000|100%| S|CS|TAMS 0x0000000750900000, 0x0000000750900000| Complete 
| 178|0x0000000750a00000, 0x0000000750a00000, 0x0000000750b00000|  0%| F|  |TAMS 0x0000000750a00000, 0x0000000750a00000| Untracked 
| 179|0x0000000750b00000, 0x0000000750b00000, 0x0000000750c00000|  0%| F|  |TAMS 0x0000000750b00000, 0x0000000750b00000| Untracked 
| 180|0x0000000750c00000, 0x0000000750c00000, 0x0000000750d00000|  0%| F|  |TAMS 0x0000000750c00000, 0x0000000750c00000| Untracked 
| 181|0x0000000750d00000, 0x0000000750d00000, 0x0000000750e00000|  0%| F|  |TAMS 0x0000000750d00000, 0x0000000750d00000| Untracked 
| 182|0x0000000750e00000, 0x0000000750e00000, 0x0000000750f00000|  0%| F|  |TAMS 0x0000000750e00000, 0x0000000750e00000| Untracked 
| 183|0x0000000750f00000, 0x0000000750f00000, 0x0000000751000000|  0%| F|  |TAMS 0x0000000750f00000, 0x0000000750f00000| Untracked 
| 184|0x0000000751000000, 0x0000000751000000, 0x0000000751100000|  0%| F|  |TAMS 0x0000000751000000, 0x0000000751000000| Untracked 
| 185|0x0000000751100000, 0x0000000751100000, 0x0000000751200000|  0%| F|  |TAMS 0x0000000751100000, 0x0000000751100000| Untracked 
| 186|0x0000000751200000, 0x0000000751200000, 0x0000000751300000|  0%| F|  |TAMS 0x0000000751200000, 0x0000000751200000| Untracked 
| 187|0x0000000751300000, 0x0000000751300000, 0x0000000751400000|  0%| F|  |TAMS 0x0000000751300000, 0x0000000751300000| Untracked 

Card table byte_map: [0x000001b117180000,0x000001b117760000] _byte_map_base: 0x000001b113754000

Marking Bits (Prev, Next): (CMBitMap*) 0x000001b17fe62028, (CMBitMap*) 0x000001b17fe62060
 Prev Bits: [0x000001b117d40000, 0x000001b11abe0000)
 Next Bits: [0x000001b11abe0000, 0x000001b11da80000)

Polling page: 0x000001b100000000

Metaspace:

Usage:
  Non-class:      9.21 MB capacity,     9.13 MB (>99%) used,    61.22 KB ( <1%) free+waste,    20.94 KB ( <1%) overhead. 
      Class:      1.16 MB capacity,     1.07 MB ( 92%) used,    82.25 KB (  7%) free+waste,    11.00 KB ( <1%) overhead. 
       Both:     10.37 MB capacity,    10.19 MB ( 98%) used,   143.47 KB (  1%) free+waste,    31.94 KB ( <1%) overhead. 

Virtual space:
  Non-class space:       18.00 MB reserved,       9.25 MB ( 51%) committed 
      Class space:        1.00 GB reserved,       1.25 MB ( <1%) committed 
             Both:        1.02 GB reserved,      10.50 MB (  1%) committed 

Chunk freelists:
   Non-Class:  5.13 KB
       Class:  0 bytes
        Both:  5.13 KB

CodeHeap 'non-profiled nmethods': size=238912Kb used=1023Kb max_used=1023Kb free=237888Kb
 bounds [0x000001b107c20000, 0x000001b107e90000, 0x000001b116570000]
CodeHeap 'non-nmethods': size=6848Kb used=1085Kb max_used=1085Kb free=5762Kb
 bounds [0x000001b107570000, 0x000001b1077e0000, 0x000001b107c20000]
 total_blobs=1238 nmethods=853 adapters=313
 compilation: enabled
              stopped_count=0, restarted_count=0
 full_count=0

Compilation events (10 events):
Event: 2.825 Thread 0x000001b1209ba800  848       1       sun.security.provider.SHA2::lf_maj (12 bytes)
Event: 2.825 Thread 0x000001b1209ba800 nmethod 848 0x000001b107d1e690 code [0x000001b107d1e820, 0x000001b107d1e8d8]
Event: 2.825 Thread 0x000001b1209ba800  849       1       sun.security.provider.SHA2::lf_delta1 (21 bytes)
Event: 2.825 Thread 0x000001b1209ba800 nmethod 849 0x000001b107d1e990 code [0x000001b107d1eb20, 0x000001b107d1ebd8]
Event: 2.825 Thread 0x000001b1209ba800  850       1       sun.security.provider.SHA2::lf_delta0 (20 bytes)
Event: 2.826 Thread 0x000001b1209ba800 nmethod 850 0x000001b107d1ec90 code [0x000001b107d1ee20, 0x000001b107d1eed8]
Event: 2.826 Thread 0x000001b1209ba800  851       1       jdk.internal.org.objectweb.asm.Label::<init> (5 bytes)
Event: 2.826 Thread 0x000001b1209ba800 nmethod 851 0x000001b107d1ef90 code [0x000001b107d1f120, 0x000001b107d1f1d8]
Event: 2.826 Thread 0x000001b1209ba800  852       1       jdk.internal.org.objectweb.asm.Label::resolve (214 bytes)
Event: 2.827 Thread 0x000001b1209ba800 nmethod 852 0x000001b107d1f790 code [0x000001b107d1f940, 0x000001b107d1fc18]

GC Heap History (2 events):
Event: 2.828 GC heap before
{Heap before GC invocations=0 (full 0):
 garbage-first heap   total 192512K, used 8192K [0x0000000745800000, 0x0000000800000000)
  region size 1024K, 10 young (10240K), 0 survivors (0K)
 Metaspace       used 10439K, capacity 10615K, committed 10752K, reserved 1064960K
  class space    used 1090K, capacity 1184K, committed 1280K, reserved 1048576K
}
Event: 2.834 GC heap after
{Heap after GC invocations=1 (full 0):
 garbage-first heap   total 192512K, used 4113K [0x0000000745800000, 0x0000000800000000)
  region size 1024K, 2 young (2048K), 2 survivors (2048K)
 Metaspace       used 10439K, capacity 10615K, committed 10752K, reserved 1064960K
  class space    used 1090K, capacity 1184K, committed 1280K, reserved 1048576K
}

Deoptimization events (0 events):
No events

Classes redefined (0 events):
No events

Internal exceptions (10 events):
Event: 0.904 Thread 0x000001b17fe15000 Exception <a 'java/lang/IncompatibleClassChangeError'{0x0000000750e7b758}: Found class java.lang.Object, but interface was expected> (0x0000000750e7b758) thrown at [./open/src/hotspot/share/interpreter/linkResolver.cpp, line 838]
Event: 0.965 Thread 0x000001b17fe15000 Exception <a 'java/lang/NoSuchMethodError'{0x0000000750d8e330}: java.lang.invoke.DirectMethodHandle$Holder.invokeStatic(Ljava/lang/Object;Ljava/lang/Object;Ljava/lang/Object;Ljava/lang/Object;Ljava/lang/Object;Ljava/lang/Object;Ljava/lang/Object;Ljava/lan
Event: 0.968 Thread 0x000001b17fe15000 Exception <a 'java/lang/NoSuchMethodError'{0x0000000750dac970}: java.lang.invoke.DirectMethodHandle$Holder.invokeStatic(Ljava/lang/Object;Ljava/lang/Object;Ljava/lang/Object;Ljava/lang/Object;Ljava/lang/Object;Ljava/lang/Object;Ljava/lang/Object;Ljava/lan
Event: 0.973 Thread 0x000001b17fe15000 Exception <a 'java/lang/NoSuchMethodError'{0x0000000750dcbcd0}: java.lang.invoke.DirectMethodHandle$Holder.invokeStatic(Ljava/lang/Object;Ljava/lang/Object;Ljava/lang/Object;Ljava/lang/Object;Ljava/lang/Object;Ljava/lang/Object;Ljava/lang/Object;Ljava/lan
Event: 0.977 Thread 0x000001b17fe15000 Exception <a 'java/lang/NoSuchMethodError'{0x0000000750deca98}: java.lang.invoke.DirectMethodHandle$Holder.invokeStatic(Ljava/lang/Object;Ljava/lang/Object;Ljava/lang/Object;Ljava/lang/Object;Ljava/lang/Object;Ljava/lang/Object;Ljava/lang/Object;Ljava/lan
Event: 1.084 Thread 0x000001b17fe15000 Exception <a 'java/lang/NoSuchMethodError'{0x0000000750b91df0}: java.lang.invoke.DirectMethodHandle$Holder.invokeSpecialIFC(Ljava/lang/Object;Ljava/lang/Object;Ljava/lang/Object;)I> (0x0000000750b91df0) thrown at [./open/src/hotspot/share/interpreter/link
Event: 1.160 Thread 0x000001b17fe15000 Exception <a 'java/lang/NoSuchMethodError'{0x0000000750becc90}: java.lang.invoke.DirectMethodHandle$Holder.invokeStatic(Ljava/lang/Object;IIII)Ljava/lang/Object;> (0x0000000750becc90) thrown at [./open/src/hotspot/share/interpreter/linkResolver.cpp, line 
Event: 1.161 Thread 0x000001b17fe15000 Exception <a 'java/lang/NoSuchMethodError'{0x0000000750befda8}: java.lang.invoke.DirectMethodHandle$Holder.invokeStaticInit(Ljava/lang/Object;IIII)Ljava/lang/Object;> (0x0000000750befda8) thrown at [./open/src/hotspot/share/interpreter/linkResolver.cpp, l
Event: 2.817 Thread 0x000001b17fe15000 Exception <a 'java/lang/NoSuchMethodError'{0x0000000750a8f780}: java.lang.invoke.DirectMethodHandle$Holder.invokeStatic(Ljava/lang/Object;Ljava/lang/Object;IIII)Ljava/lang/Object;> (0x0000000750a8f780) thrown at [./open/src/hotspot/share/interpreter/linkR
Event: 2.818 Thread 0x000001b17fe15000 Exception <a 'java/lang/NoSuchMethodError'{0x0000000750a92d08}: java.lang.invoke.DirectMethodHandle$Holder.invokeStaticInit(Ljava/lang/Object;Ljava/lang/Object;IIII)Ljava/lang/Object;> (0x0000000750a92d08) thrown at [./open/src/hotspot/share/interpreter/l

Events (10 events):
Event: 2.823 loading class sun/security/provider/AbstractDrbg$NonceProvider
Event: 2.823 loading class sun/security/provider/AbstractDrbg$NonceProvider done
Event: 2.823 loading class sun/security/provider/SHA2$SHA256
Event: 2.823 loading class sun/security/provider/SHA2
Event: 2.824 loading class sun/security/provider/SHA2 done
Event: 2.824 loading class sun/security/provider/SHA2$SHA256 done
Event: 2.827 loading class sun/rmi/transport/tcp/TCPEndpoint
Event: 2.827 loading class sun/rmi/transport/Endpoint
Event: 2.827 loading class sun/rmi/transport/Endpoint done
Event: 2.827 Executing VM operation: CollectForMetadataAllocation


Dynamic libraries:
0x00007ff7175a0000 - 0x00007ff7175af000 	C:\Program Files\Java\jdk-11.0.13\bin\java.exe
0x00007ffc6f5b0000 - 0x00007ffc6f7a5000 	C:\WINDOWS\SYSTEM32\ntdll.dll
0x00007ffc6e400000 - 0x00007ffc6e4be000 	C:\WINDOWS\System32\KERNEL32.DLL
0x00007ffc6d240000 - 0x00007ffc6d508000 	C:\WINDOWS\System32\KERNELBASE.dll
0x00007ffc6d110000 - 0x00007ffc6d210000 	C:\WINDOWS\System32\ucrtbase.dll
0x00007ffc3e890000 - 0x00007ffc3e8a8000 	C:\Program Files\Java\jdk-11.0.13\bin\jli.dll
0x00007ffc6e990000 - 0x00007ffc6ea3e000 	C:\WINDOWS\System32\ADVAPI32.dll
0x00007ffc6d8d0000 - 0x00007ffc6d96e000 	C:\WINDOWS\System32\msvcrt.dll
0x00007ffc6f440000 - 0x00007ffc6f4dc000 	C:\WINDOWS\System32\sechost.dll
0x00007ffc6d610000 - 0x00007ffc6d735000 	C:\WINDOWS\System32\RPCRT4.dll
0x00007ffc6e4c0000 - 0x00007ffc6e660000 	C:\WINDOWS\System32\USER32.dll
0x00007ffc6d0e0000 - 0x00007ffc6d102000 	C:\WINDOWS\System32\win32u.dll
0x00007ffc3cee0000 - 0x00007ffc3cef5000 	C:\Program Files\Java\jdk-11.0.13\bin\VCRUNTIME140.dll
0x00007ffc6d740000 - 0x00007ffc6d76a000 	C:\WINDOWS\System32\GDI32.dll
0x00007ffc6cd80000 - 0x00007ffc6ce8b000 	C:\WINDOWS\System32\gdi32full.dll
0x00007ffc6cff0000 - 0x00007ffc6d08d000 	C:\WINDOWS\System32\msvcp_win.dll
0x00007ffc5b570000 - 0x00007ffc5b80a000 	C:\WINDOWS\WinSxS\amd64_microsoft.windows.common-controls_6595b64144ccf1df_6.0.19041.1110_none_60b5254171f9507e\COMCTL32.dll
0x00007ffc653b0000 - 0x00007ffc653ba000 	C:\WINDOWS\SYSTEM32\VERSION.dll
0x00007ffc6d8a0000 - 0x00007ffc6d8d0000 	C:\WINDOWS\System32\IMM32.DLL
0x00007ffc33ab0000 - 0x00007ffc33b4b000 	C:\Program Files\Java\jdk-11.0.13\bin\msvcp140.dll
0x00007ffc1d110000 - 0x00007ffc1dc23000 	C:\Program Files\Java\jdk-11.0.13\bin\server\jvm.dll
0x00007ffc6e720000 - 0x00007ffc6e728000 	C:\WINDOWS\System32\PSAPI.DLL
0x00007ffc50c40000 - 0x00007ffc50c49000 	C:\WINDOWS\SYSTEM32\WSOCK32.dll
0x00007ffc6f500000 - 0x00007ffc6f56b000 	C:\WINDOWS\System32\WS2_32.dll
0x00007ffc5a980000 - 0x00007ffc5a9a7000 	C:\WINDOWS\SYSTEM32\WINMM.dll
0x00007ffc6abf0000 - 0x00007ffc6ac02000 	C:\WINDOWS\SYSTEM32\kernel.appcore.dll
0x00007ffc63790000 - 0x00007ffc637a0000 	C:\Program Files\Java\jdk-11.0.13\bin\verify.dll
0x00007ffc59290000 - 0x00007ffc59474000 	C:\WINDOWS\SYSTEM32\DBGHELP.DLL
0x00007ffc5abd0000 - 0x00007ffc5abfc000 	C:\WINDOWS\SYSTEM32\dbgcore.DLL
0x00007ffc6d580000 - 0x00007ffc6d602000 	C:\WINDOWS\System32\bcryptPrimitives.dll
0x00007ffc3c6e0000 - 0x00007ffc3c708000 	C:\Program Files\Java\jdk-11.0.13\bin\java.dll
0x00007ffc52750000 - 0x00007ffc5275a000 	C:\Program Files\Java\jdk-11.0.13\bin\jimage.dll
0x00007ffc512d0000 - 0x00007ffc512de000 	C:\Program Files\Java\jdk-11.0.13\bin\instrument.dll
0x00007ffc3ce30000 - 0x00007ffc3ce46000 	C:\Program Files\Java\jdk-11.0.13\bin\zip.dll
0x00007ffc6ea40000 - 0x00007ffc6f184000 	C:\WINDOWS\System32\SHELL32.dll
0x00007ffc6adf0000 - 0x00007ffc6b584000 	C:\WINDOWS\SYSTEM32\windows.storage.dll
0x00007ffc6db50000 - 0x00007ffc6dea4000 	C:\WINDOWS\System32\combase.dll
0x00007ffc6c740000 - 0x00007ffc6c76c000 	C:\WINDOWS\SYSTEM32\Wldp.dll
0x00007ffc6e670000 - 0x00007ffc6e71d000 	C:\WINDOWS\System32\SHCORE.dll
0x00007ffc6d970000 - 0x00007ffc6d9c5000 	C:\WINDOWS\System32\shlwapi.dll
0x00007ffc6cc10000 - 0x00007ffc6cc2f000 	C:\WINDOWS\SYSTEM32\profapi.dll
0x00007ffc3c9a0000 - 0x00007ffc3c9b9000 	C:\Program Files\Java\jdk-11.0.13\bin\net.dll
0x00007ffc658d0000 - 0x00007ffc659da000 	C:\WINDOWS\SYSTEM32\WINHTTP.dll
0x00007ffc6c4a0000 - 0x00007ffc6c50a000 	C:\WINDOWS\system32\mswsock.dll
0x00007ffc3b6c0000 - 0x00007ffc3b6d2000 	C:\Program Files\Java\jdk-11.0.13\bin\nio.dll
0x00007ffc4bb70000 - 0x00007ffc4bb8a000 	D:\Program Files\IntelliJ IDEA 2021.3.2\bin\breakgen64.dll
0x00007ffc6c180000 - 0x00007ffc6c24b000 	C:\WINDOWS\SYSTEM32\DNSAPI.dll
0x00007ffc6c140000 - 0x00007ffc6c17b000 	C:\WINDOWS\SYSTEM32\IPHLPAPI.DLL
0x00007ffc6db40000 - 0x00007ffc6db48000 	C:\WINDOWS\System32\NSI.dll
0x000000006aae0000 - 0x000000006ab06000 	C:\Program Files\Bonjour\mdnsNSP.dll
0x00007ffc653f0000 - 0x00007ffc653fa000 	C:\Windows\System32\rasadhlp.dll
0x00007ffc60630000 - 0x00007ffc606af000 	C:\WINDOWS\System32\fwpuclnt.dll
0x00007ffc6d210000 - 0x00007ffc6d237000 	C:\WINDOWS\System32\bcrypt.dll
0x00007ffc51480000 - 0x00007ffc51489000 	C:\Program Files\Java\jdk-11.0.13\bin\management.dll
0x00007ffc51410000 - 0x00007ffc5141b000 	C:\Program Files\Java\jdk-11.0.13\bin\management_ext.dll
0x00007ffc6c690000 - 0x00007ffc6c6a8000 	C:\WINDOWS\SYSTEM32\CRYPTSP.dll
0x00007ffc6bdb0000 - 0x00007ffc6bde4000 	C:\WINDOWS\system32\rsaenh.dll
0x00007ffc6cbd0000 - 0x00007ffc6cbfe000 	C:\WINDOWS\SYSTEM32\USERENV.dll
0x00007ffc6c6b0000 - 0x00007ffc6c6bc000 	C:\WINDOWS\SYSTEM32\CRYPTBASE.dll
0x00007ffc65280000 - 0x00007ffc65297000 	C:\WINDOWS\SYSTEM32\dhcpcsvc6.DLL
0x00007ffc651d0000 - 0x00007ffc651ed000 	C:\WINDOWS\SYSTEM32\dhcpcsvc.DLL

dbghelp: loaded successfully - version: 4.0.5 - missing functions: none
symbol engine: initialized successfully - sym options: 0x614 - pdb path: .;C:\Program Files\Java\jdk-11.0.13\bin;C:\WINDOWS\SYSTEM32;C:\WINDOWS\WinSxS\amd64_microsoft.windows.common-controls_6595b64144ccf1df_6.0.19041.1110_none_60b5254171f9507e;C:\Program Files\Java\jdk-11.0.13\bin\server;D:\Program Files\IntelliJ IDEA 2021.3.2\bin;C:\Program Files\Bonjour

VM Arguments:
jvm_args: -XX:TieredStopAtLevel=1 -Xverify:none -Dspring.output.ansi.enabled=always -Dcom.sun.management.jmxremote -Dspring.jmx.enabled=true -Dspring.liveBeansView.mbeanDomain -Dspring.application.admin.enabled=true -javaagent:D:\Program Files\IntelliJ IDEA 2021.3.2\lib\idea_rt.jar=57943:D:\Program Files\IntelliJ IDEA 2021.3.2\bin -Dfile.encoding=UTF-8 
java_command: com.project.hotel.HotelApplication
java_class_path (initial): C:\Program Files\Java\jdk-11.0.13;D:\hotel (1)\hotel\out\production\classes;D:\hotel (1)\hotel\out\production\resources;C:\Users\suea7\.gradle\caches\modules-2\files-2.1\org.projectlombok\lombok\1.18.24\13a394eed5c4f9efb2a6d956e2086f1d81e857d9\lombok-1.18.24.jar;C:\Users\suea7\.gradle\caches\modules-2\files-2.1\org.mybatis.spring.boot\mybatis-spring-boot-starter\2.2.2\e4aff8ef9e02358f90b361acc938be3558f29285\mybatis-spring-boot-starter-2.2.2.jar;C:\Users\suea7\.gradle\caches\modules-2\files-2.1\org.springframework.boot\spring-boot-starter-thymeleaf\2.5.13\cbdcde413eb24326eb8907e97c6ddf068607dee2\spring-boot-starter-thymeleaf-2.5.13.jar;C:\Users\suea7\.gradle\caches\modules-2\files-2.1\org.springframework.boot\spring-boot-starter-web\2.5.13\e517e98e6282d3396cdc3bade5d7429e70852272\spring-boot-starter-web-2.5.13.jar;C:\Users\suea7\.gradle\caches\modules-2\files-2.1\org.springframework.boot\spring-boot-starter-jdbc\2.5.13\6d52d5e00ebab213273efa9dfa3e34a3af083106\spring-boot-starter-jdbc-2.5.13.jar;C:\Users\suea7\.gradle\caches\modules-2\files-2.1\org.springframework.boot\spring-boot-starter\2.5.13\937bd8a3f1a3bee37f42e4f879fe26cc465790c3\spring-boot-starter-2.5.13.jar;C:\Users\suea7\.gradle\caches\modules-2\files-2.1\org.mybatis.spring.boot\mybatis-spring-boot-autoconfigure\2.2.2\44d8e5740eb89fcdd3d4f7ce60693b87a5cdbd32\mybatis-spring-boot-autoconfigure-2.2.2.jar;C:\Users\suea7\.gradle\caches\modules-2\files-2.1\org.mybatis\mybatis\3.5.9\991a4095dbb95d929dfe0a18a69692fd4c614e\mybatis-3.5.9.jar;C:\Users\suea7\.gradle\caches\modules-2\files-2.1\org.mybatis\mybatis-spring\2.0.7\f10e399232df99280df56d39662c00ea33756112\mybatis-spring-2.0.7.jar;C:\Users\suea7\.gradle\caches\modules-2\files-2.1\org.thymeleaf\thymeleaf-spring5\3.0.15.RELEASE\7170e1bcd1588d38c139f7048ebcc262676441c3\thymeleaf-spring5-3.0.15.RELEASE.jar;C:\Users\suea7\.gradle\caches\modules-2\files-2.1\org.thymeleaf.extras\thymeleaf-extras-java8time\3.0.4.RELEASE\36e7175ddce36c486ff
Launcher Type: SUN_STANDARD

[Global flags]
     bool BytecodeVerificationLocal                = false                                     {product} {command line}
     bool BytecodeVerificationRemote               = false                                     {product} {command line}
     intx CICompilerCount                          = 3                                         {product} {ergonomic}
     uint ConcGCThreads                            = 1                                         {product} {ergonomic}
     uint G1ConcRefinementThreads                  = 4                                         {product} {ergonomic}
   size_t G1HeapRegionSize                         = 1048576                                   {product} {ergonomic}
    uintx GCDrainStackTargetSize                   = 64                                        {product} {ergonomic}
   size_t InitialHeapSize                          = 197132288                                 {product} {ergonomic}
     bool ManagementServer                         = true                                      {product} {command line}
   size_t MarkStackSize                            = 4194304                                   {product} {ergonomic}
   size_t MaxHeapSize                              = 3128950784                                {product} {ergonomic}
   size_t MaxNewSize                               = 1876951040                                {product} {ergonomic}
   size_t MinHeapDeltaBytes                        = 1048576                                   {product} {ergonomic}
    uintx NonNMethodCodeHeapSize                   = 6973028                                {pd product} {ergonomic}
    uintx NonProfiledCodeHeapSize                  = 244685212                              {pd product} {ergonomic}
    uintx ProfiledCodeHeapSize                     = 0                                      {pd product} {ergonomic}
    uintx ReservedCodeCacheSize                    = 251658240                              {pd product} {ergonomic}
     bool SegmentedCodeCache                       = true                                      {product} {ergonomic}
     intx TieredStopAtLevel                        = 1                                         {product} {command line}
     bool UseCompressedClassPointers               = true                                 {lp64_product} {ergonomic}
     bool UseCompressedOops                        = true                                 {lp64_product} {ergonomic}
     bool UseG1GC                                  = true                                      {product} {ergonomic}
     bool UseLargePagesIndividualAllocation        = false                                  {pd product} {ergonomic}

Logging:
Log output configuration:
 #0: stdout all=warning uptime,level,tags
 #1: stderr all=off uptime,level,tags

Environment Variables:
JAVA_HOME=C:\Program Files\Java\jdk-11.0.13
PATH=D:\oraclexe\app\oracle\product\11.2.0\server\bin;;C:\Program Files\Common Files\Oracle\Java\javapath;C:\Program Files (x86)\Common Files\Oracle\Java\javapath;C:\WINDOWS\system32;C:\WINDOWS;C:\WINDOWS\System32\Wbem;C:\WINDOWS\System32\WindowsPowerShell\v1.0\;C:\WINDOWS\System32\OpenSSH\;D:\Program Files\Git\cmd;C:\Program Files\Java\jdk-11.0.13\bin;D:\Program Files\Bandizip\;C:\Program Files\PuTTY\;C:\Users\suea7\anaconda3;C:\Users\suea7\anaconda3\Library\mingw-w64\bin;C:\Users\suea7\anaconda3\Library\usr\bin;C:\Users\suea7\anaconda3\Library\bin;C:\Users\suea7\anaconda3\Scripts;C:\Users\suea7\AppData\Local\Microsoft\WindowsApps;C:\Users\suea7\AppData\Local\Microsoft\WindowsApps;C:\Program Files\JetBrains\PyCharm Community Edition 2021.2.2\bin;C:\Users\suea7\AppData\Local\Programs\Microsoft VS Code\bin;C:\Program Files\Java\jdk-11.0.13
USERNAME=suea7
OS=Windows_NT
PROCESSOR_IDENTIFIER=Intel64 Family 6 Model 142 Stepping 9, GenuineIntel



---------------  S Y S T E M  ---------------

OS: Windows 10 , 64 bit Build 19041 (10.0.19041.1645)

CPU:total 4 (initial active 4) (2 cores per cpu, 2 threads per core) family 6 model 142 stepping 9 microcode 0xb4, cmov, cx8, fxsr, mmx, sse, sse2, sse3, ssse3, sse4.1, sse4.2, popcnt, aes, clmul, erms, 3dnowpref, lzcnt, ht, tsc, tscinvbit

Memory: 4k page, system-wide physical 11929M (1271M free)
TotalPageFile size 14316M (AvailPageFile size 285M)
current process WorkingSet (physical memory assigned to process): 58M, peak: 58M
current process commit charge ("private bytes"): 265M, peak: 266M

vm_info: Java HotSpot(TM) 64-Bit Server VM (11.0.13+10-LTS-370) for windows-amd64 JRE (11.0.13+10-LTS-370), built on Sep 15 2021 22:10:36 by "mach5one" with MS VC++ 15.9 (VS2017)

END.
